#
# There is insufficient memory for the Java Runtime Environment to continue.
# Native memory allocation (malloc) failed to allocate 1677664 bytes for Chunk::new
# Possible reasons:
#   The system is out of physical RAM or swap space
#   In 32 bit mode, the process size limit was hit
# Possible solutions:
#   Reduce memory load on the system
#   Increase physical memory or swap space
#   Check if swap backing store is full
#   Use 64 bit Java on a 64 bit OS
#   Decrease Java heap size (-Xmx/-Xms)
#   Decrease number of Java threads
#   Decrease Java thread stack sizes (-Xss)
#   Set larger code cache with -XX:ReservedCodeCacheSize=
# This output file may be truncated or incomplete.
#
#  Out of Memory Error (allocation.cpp:390), pid=22264, tid=19336
#
# JRE version: Java(TM) SE Runtime Environment (8.0_91-b15) (build 1.8.0_91-b15)
# Java VM: Java HotSpot(TM) 64-Bit Server VM (25.91-b15 mixed mode windows-amd64 compressed oops)
# Failed to write core dump. Minidumps are not enabled by default on client versions of Windows
#

---------------  T H R E A D  ---------------

Current thread (0x000000001787e000):  JavaThread "C2 CompilerThread1" daemon [_thread_in_native, id=19336, stack(0x0000000019280000,0x0000000019380000)]

Stack: [0x0000000019280000,0x0000000019380000]
[error occurred during error reporting (printing stack bounds), id 0xc0000005]

Native frames: (J=compiled Java code, j=interpreted, Vv=VM code, C=native code)


Current CompileTask:
C2:   4252 3324   !   4       java.net.URLClassLoader$1::run (63 bytes)


---------------  P R O C E S S  ---------------

Java Threads: ( => current thread )
  0x0000000018c05800 JavaThread "Service Thread" daemon [_thread_blocked, id=24520, stack(0x0000000019480000,0x0000000019580000)]
  0x0000000018b8d000 JavaThread "C1 CompilerThread2" daemon [_thread_blocked, id=21316, stack(0x0000000019380000,0x0000000019480000)]
=>0x000000001787e000 JavaThread "C2 CompilerThread1" daemon [_thread_in_native, id=19336, stack(0x0000000019280000,0x0000000019380000)]
  0x000000001787b000 JavaThread "C2 CompilerThread0" daemon [_thread_blocked, id=21748, stack(0x0000000019180000,0x0000000019280000)]
  0x000000001787a000 JavaThread "Attach Listener" daemon [_thread_blocked, id=18424, stack(0x0000000019080000,0x0000000019180000)]
  0x0000000018b88800 JavaThread "Signal Dispatcher" daemon [_thread_blocked, id=18152, stack(0x0000000018f80000,0x0000000019080000)]
  0x000000001780a800 JavaThread "Finalizer" daemon [_thread_blocked, id=24508, stack(0x0000000018a80000,0x0000000018b80000)]
  0x00000000177e9000 JavaThread "Reference Handler" daemon [_thread_blocked, id=23884, stack(0x0000000018980000,0x0000000018a80000)]
  0x000000000275d800 JavaThread "main" [_thread_in_native, id=7824, stack(0x0000000002b60000,0x0000000002c60000)]

Other Threads:
  0x00000000177e7800 VMThread [stack: 0x0000000018880000,0x0000000018980000] [id=22732]
  0x0000000018c3c800 WatcherThread [stack: 0x0000000019580000,0x0000000019680000] [id=7636]

VM state:not at safepoint (normal execution)

VM Mutex/Monitor currently owned by a thread: None

Heap:
 PSYoungGen      total 73216K, used 15721K [0x00000000d6180000, 0x00000000db280000, 0x0000000100000000)
  eden space 65024K, 11% used [0x00000000d6180000,0x00000000d6915fc8,0x00000000da100000)
  from space 8192K, 97% used [0x00000000da980000,0x00000000db144678,0x00000000db180000)
  to   space 8704K, 0% used [0x00000000da100000,0x00000000da100000,0x00000000da980000)
 ParOldGen       total 86016K, used 8891K [0x0000000082400000, 0x0000000087800000, 0x00000000d6180000)
  object space 86016K, 10% used [0x0000000082400000,0x0000000082caecc8,0x0000000087800000)
 Metaspace       used 19139K, capacity 19738K, committed 19840K, reserved 1067008K
  class space    used 2276K, capacity 2428K, committed 2432K, reserved 1048576K

Card table byte_map: [0x0000000012120000,0x0000000012510000] byte_map_base: 0x0000000011d0e000

Marking Bits: (ParMarkBitMap*) 0x00000000539f2f70
 Begin Bits: [0x0000000012bb0000, 0x0000000014b20000)
 End Bits:   [0x0000000014b20000, 0x0000000016a90000)

Polling page: 0x0000000000b30000

CodeCache: size=245760Kb used=11381Kb max_used=11399Kb free=234378Kb
 bounds [0x0000000002d60000, 0x0000000003890000, 0x0000000011d60000]
 total_blobs=3763 nmethods=3358 adapters=317
 compilation: enabled

Compilation events (10 events):
Event: 3.684 Thread 0x0000000018b8d000 3353       3       org.codehaus.plexus.util.AbstractScanner::isIncluded (38 bytes)
Event: 3.684 Thread 0x0000000018b8d000 nmethod 3353 0x0000000003861950 code [0x0000000003861ae0, 0x0000000003861e08]
Event: 3.692 Thread 0x0000000018b8d000 3355       3       java.io.File::length (33 bytes)
Event: 3.693 Thread 0x0000000018b8d000 nmethod 3355 0x00000000038626d0 code [0x0000000003862860, 0x0000000003862c68]
Event: 3.694 Thread 0x0000000018b8d000 3357       3       org.apache.maven.plugin.war.util.PathSet::normalizeFilePath (5 bytes)
Event: 3.694 Thread 0x0000000018b8d000 nmethod 3357 0x0000000003862d90 code [0x0000000003862f60, 0x0000000003863658]
Event: 3.694 Thread 0x0000000018b8d000 3358       3       org.apache.maven.plugin.war.util.PathSet::normalizeFilePathStatic (12 bytes)
Event: 3.695 Thread 0x0000000018b8d000 nmethod 3358 0x0000000003863c10 code [0x0000000003863e20, 0x0000000003864988]
Event: 3.698 Thread 0x0000000018b8d000 3359       3       org.apache.maven.plugin.war.util.PathSet::add (16 bytes)
Event: 3.699 Thread 0x0000000018b8d000 nmethod 3359 0x0000000003865090 code [0x0000000003865280, 0x0000000003865ac8]

GC Heap History (10 events):
Event: 1.247 GC heap before
{Heap before GC invocations=2 (full 0):
 PSYoungGen      total 37888K, used 37881K [0x00000000d6180000, 0x00000000d8b80000, 0x0000000100000000)
  eden space 32768K, 100% used [0x00000000d6180000,0x00000000d8180000,0x00000000d8180000)
  from space 5120K, 99% used [0x00000000d8180000,0x00000000d867e790,0x00000000d8680000)
  to   space 5120K, 0% used [0x00000000d8680000,0x00000000d8680000,0x00000000d8b80000)
 ParOldGen       total 86016K, used 559K [0x0000000082400000, 0x0000000087800000, 0x00000000d6180000)
  object space 86016K, 0% used [0x0000000082400000,0x000000008248be68,0x0000000087800000)
 Metaspace       used 12408K, capacity 12626K, committed 12928K, reserved 1060864K
  class space    used 1530K, capacity 1608K, committed 1664K, reserved 1048576K
Event: 1.253 GC heap after
Heap after GC invocations=2 (full 0):
 PSYoungGen      total 37888K, used 5097K [0x00000000d6180000, 0x00000000dab80000, 0x0000000100000000)
  eden space 32768K, 0% used [0x00000000d6180000,0x00000000d6180000,0x00000000d8180000)
  from space 5120K, 99% used [0x00000000d8680000,0x00000000d8b7a588,0x00000000d8b80000)
  to   space 5120K, 0% used [0x00000000d8180000,0x00000000d8180000,0x00000000d8680000)
 ParOldGen       total 86016K, used 2933K [0x0000000082400000, 0x0000000087800000, 0x00000000d6180000)
  object space 86016K, 3% used [0x0000000082400000,0x00000000826dd798,0x0000000087800000)
 Metaspace       used 12408K, capacity 12626K, committed 12928K, reserved 1060864K
  class space    used 1530K, capacity 1608K, committed 1664K, reserved 1048576K
}
Event: 2.575 GC heap before
{Heap before GC invocations=3 (full 0):
 PSYoungGen      total 37888K, used 37865K [0x00000000d6180000, 0x00000000dab80000, 0x0000000100000000)
  eden space 32768K, 100% used [0x00000000d6180000,0x00000000d8180000,0x00000000d8180000)
  from space 5120K, 99% used [0x00000000d8680000,0x00000000d8b7a588,0x00000000d8b80000)
  to   space 5120K, 0% used [0x00000000d8180000,0x00000000d8180000,0x00000000d8680000)
 ParOldGen       total 86016K, used 2933K [0x0000000082400000, 0x0000000087800000, 0x00000000d6180000)
  object space 86016K, 3% used [0x0000000082400000,0x00000000826dd798,0x0000000087800000)
 Metaspace       used 15684K, capacity 15894K, committed 16128K, reserved 1062912K
  class space    used 1893K, capacity 1978K, committed 2048K, reserved 1048576K
Event: 2.583 GC heap after
Heap after GC invocations=3 (full 0):
 PSYoungGen      total 37888K, used 5112K [0x00000000d6180000, 0x00000000d8b80000, 0x0000000100000000)
  eden space 32768K, 0% used [0x00000000d6180000,0x00000000d6180000,0x00000000d8180000)
  from space 5120K, 99% used [0x00000000d8180000,0x00000000d867e070,0x00000000d8680000)
  to   space 5120K, 0% used [0x00000000d8680000,0x00000000d8680000,0x00000000d8b80000)
 ParOldGen       total 86016K, used 5427K [0x0000000082400000, 0x0000000087800000, 0x00000000d6180000)
  object space 86016K, 6% used [0x0000000082400000,0x000000008294cfc0,0x0000000087800000)
 Metaspace       used 15684K, capacity 15894K, committed 16128K, reserved 1062912K
  class space    used 1893K, capacity 1978K, committed 2048K, reserved 1048576K
}
Event: 2.981 GC heap before
{Heap before GC invocations=4 (full 0):
 PSYoungGen      total 37888K, used 37880K [0x00000000d6180000, 0x00000000d8b80000, 0x0000000100000000)
  eden space 32768K, 100% used [0x00000000d6180000,0x00000000d8180000,0x00000000d8180000)
  from space 5120K, 99% used [0x00000000d8180000,0x00000000d867e070,0x00000000d8680000)
  to   space 5120K, 0% used [0x00000000d8680000,0x00000000d8680000,0x00000000d8b80000)
 ParOldGen       total 86016K, used 5427K [0x0000000082400000, 0x0000000087800000, 0x00000000d6180000)
  object space 86016K, 6% used [0x0000000082400000,0x000000008294cfc0,0x0000000087800000)
 Metaspace       used 16259K, capacity 16576K, committed 16896K, reserved 1064960K
  class space    used 1912K, capacity 2011K, committed 2048K, reserved 1048576K
Event: 2.987 GC heap after
Heap after GC invocations=4 (full 0):
 PSYoungGen      total 37888K, used 5112K [0x00000000d6180000, 0x00000000dab80000, 0x0000000100000000)
  eden space 32768K, 0% used [0x00000000d6180000,0x00000000d6180000,0x00000000d8180000)
  from space 5120K, 99% used [0x00000000d8680000,0x00000000d8b7e050,0x00000000d8b80000)
  to   space 5120K, 0% used [0x00000000d8180000,0x00000000d8180000,0x00000000d8680000)
 ParOldGen       total 86016K, used 6924K [0x0000000082400000, 0x0000000087800000, 0x00000000d6180000)
  object space 86016K, 8% used [0x0000000082400000,0x0000000082ac3208,0x0000000087800000)
 Metaspace       used 16259K, capacity 16576K, committed 16896K, reserved 1064960K
  class space    used 1912K, capacity 2011K, committed 2048K, reserved 1048576K
}
Event: 3.293 GC heap before
{Heap before GC invocations=5 (full 0):
 PSYoungGen      total 37888K, used 37880K [0x00000000d6180000, 0x00000000dab80000, 0x0000000100000000)
  eden space 32768K, 100% used [0x00000000d6180000,0x00000000d8180000,0x00000000d8180000)
  from space 5120K, 99% used [0x00000000d8680000,0x00000000d8b7e050,0x00000000d8b80000)
  to   space 5120K, 0% used [0x00000000d8180000,0x00000000d8180000,0x00000000d8680000)
 ParOldGen       total 86016K, used 6924K [0x0000000082400000, 0x0000000087800000, 0x00000000d6180000)
  object space 86016K, 8% used [0x0000000082400000,0x0000000082ac3208,0x0000000087800000)
 Metaspace       used 17052K, capacity 17496K, committed 17792K, reserved 1064960K
  class space    used 1986K, capacity 2083K, committed 2176K, reserved 1048576K
Event: 3.300 GC heap after
Heap after GC invocations=5 (full 0):
 PSYoungGen      total 37888K, used 5112K [0x00000000d6180000, 0x00000000db180000, 0x0000000100000000)
  eden space 32768K, 0% used [0x00000000d6180000,0x00000000d6180000,0x00000000d8180000)
  from space 5120K, 99% used [0x00000000d8180000,0x00000000d867e050,0x00000000d8680000)
  to   space 8192K, 0% used [0x00000000da980000,0x00000000da980000,0x00000000db180000)
 ParOldGen       total 86016K, used 8883K [0x0000000082400000, 0x0000000087800000, 0x00000000d6180000)
  object space 86016K, 10% used [0x0000000082400000,0x0000000082caccc8,0x0000000087800000)
 Metaspace       used 17052K, capacity 17496K, committed 17792K, reserved 1064960K
  class space    used 1986K, capacity 2083K, committed 2176K, reserved 1048576K
}
Event: 3.660 GC heap before
{Heap before GC invocations=6 (full 0):
 PSYoungGen      total 37888K, used 37880K [0x00000000d6180000, 0x00000000db180000, 0x0000000100000000)
  eden space 32768K, 100% used [0x00000000d6180000,0x00000000d8180000,0x00000000d8180000)
  from space 5120K, 99% used [0x00000000d8180000,0x00000000d867e050,0x00000000d8680000)
  to   space 8192K, 0% used [0x00000000da980000,0x00000000da980000,0x00000000db180000)
 ParOldGen       total 86016K, used 8883K [0x0000000082400000, 0x0000000087800000, 0x00000000d6180000)
  object space 86016K, 10% used [0x0000000082400000,0x0000000082caccc8,0x0000000087800000)
 Metaspace       used 19077K, capacity 19642K, committed 19840K, reserved 1067008K
  class space    used 2273K, capacity 2396K, committed 2432K, reserved 1048576K
Event: 3.670 GC heap after
Heap after GC invocations=6 (full 0):
 PSYoungGen      total 73216K, used 7953K [0x00000000d6180000, 0x00000000db280000, 0x0000000100000000)
  eden space 65024K, 0% used [0x00000000d6180000,0x00000000d6180000,0x00000000da100000)
  from space 8192K, 97% used [0x00000000da980000,0x00000000db144678,0x00000000db180000)
  to   space 8704K, 0% used [0x00000000da100000,0x00000000da100000,0x00000000da980000)
 ParOldGen       total 86016K, used 8891K [0x0000000082400000, 0x0000000087800000, 0x00000000d6180000)
  object space 86016K, 10% used [0x0000000082400000,0x0000000082caecc8,0x0000000087800000)
 Metaspace       used 19077K, capacity 19642K, committed 19840K, reserved 1067008K
  class space    used 2273K, capacity 2396K, committed 2432K, reserved 1048576K
}

Deoptimization events (10 events):
Event: 3.069 Thread 0x000000000275d800 Uncommon trap: reason=class_check action=maybe_recompile pc=0x0000000003254108 method=com.google.inject.internal.LinkedBindingImpl.acceptTargetVisitor(Lcom/google/inject/spi/BindingTargetVisitor;)Ljava/lang/Object; @ 2
Event: 3.069 Thread 0x000000000275d800 Uncommon trap: reason=class_check action=maybe_recompile pc=0x0000000003254108 method=com.google.inject.internal.LinkedBindingImpl.acceptTargetVisitor(Lcom/google/inject/spi/BindingTargetVisitor;)Ljava/lang/Object; @ 2
Event: 3.071 Thread 0x000000000275d800 Uncommon trap: reason=predicate action=maybe_recompile pc=0x0000000003680a04 method=java.util.TimSort.binarySort([Ljava/lang/Object;IIILjava/util/Comparator;)V @ 37
Event: 3.209 Thread 0x000000000275d800 Uncommon trap: reason=array_check action=maybe_recompile pc=0x0000000003691a4c method=java.util.TimSort.binarySort([Ljava/lang/Object;IIILjava/util/Comparator;)V @ 193
Event: 3.353 Thread 0x000000000275d800 Uncommon trap: reason=array_check action=maybe_recompile pc=0x0000000003691988 method=java.util.TimSort.binarySort([Ljava/lang/Object;IIILjava/util/Comparator;)V @ 215
Event: 3.353 Thread 0x000000000275d800 Uncommon trap: reason=array_check action=maybe_recompile pc=0x0000000003691988 method=java.util.TimSort.binarySort([Ljava/lang/Object;IIILjava/util/Comparator;)V @ 215
Event: 3.353 Thread 0x000000000275d800 Uncommon trap: reason=array_check action=maybe_recompile pc=0x0000000003691b14 method=java.util.TimSort.binarySort([Ljava/lang/Object;IIILjava/util/Comparator;)V @ 183
Event: 3.354 Thread 0x000000000275d800 Uncommon trap: reason=array_check action=maybe_recompile pc=0x0000000003691a4c method=java.util.TimSort.binarySort([Ljava/lang/Object;IIILjava/util/Comparator;)V @ 193
Event: 3.418 Thread 0x000000000275d800 Uncommon trap: reason=unstable_if action=reinterpret pc=0x00000000033b2bd4 method=java.nio.charset.CharsetEncoder.encode(Ljava/nio/CharBuffer;Ljava/nio/ByteBuffer;Z)Ljava/nio/charset/CoderResult; @ 1
Event: 3.587 Thread 0x000000000275d800 Uncommon trap: reason=unstable_if action=reinterpret pc=0x00000000037b882c method=org.codehaus.plexus.classworlds.realm.Entry.matches(Ljava/lang/String;)Z @ 20

Internal exceptions (10 events):
Event: 1.355 Thread 0x000000000275d800 Exception <a 'java/lang/NoClassDefFoundError': javax/annotation/Priority> (0x00000000d6865d90) thrown at [C:\re\workspace\8-2-build-windows-amd64-cygwin\jdk8u91\7017\hotspot\src\share\vm\classfile\systemDictionary.cpp, line 199]
Event: 1.476 Thread 0x000000000275d800 Exception <a 'java/lang/NullPointerException'> (0x00000000d7006560) thrown at [C:\re\workspace\8-2-build-windows-amd64-cygwin\jdk8u91\7017\hotspot\src\share\vm\interpreter\linkResolver.cpp, line 1178]
Event: 1.476 Thread 0x000000000275d800 Exception <a 'java/lang/NullPointerException'> (0x00000000d7006778) thrown at [C:\re\workspace\8-2-build-windows-amd64-cygwin\jdk8u91\7017\hotspot\src\share\vm\interpreter\linkResolver.cpp, line 1178]
Event: 1.476 Thread 0x000000000275d800 Exception <a 'java/lang/NullPointerException'> (0x00000000d7006990) thrown at [C:\re\workspace\8-2-build-windows-amd64-cygwin\jdk8u91\7017\hotspot\src\share\vm\interpreter\linkResolver.cpp, line 1178]
Event: 1.477 Thread 0x000000000275d800 Exception <a 'java/lang/NullPointerException'> (0x00000000d700e150) thrown at [C:\re\workspace\8-2-build-windows-amd64-cygwin\jdk8u91\7017\hotspot\src\share\vm\interpreter\linkResolver.cpp, line 1178]
Event: 1.477 Thread 0x000000000275d800 Exception <a 'java/lang/NullPointerException'> (0x00000000d700e368) thrown at [C:\re\workspace\8-2-build-windows-amd64-cygwin\jdk8u91\7017\hotspot\src\share\vm\interpreter\linkResolver.cpp, line 1178]
Event: 1.477 Thread 0x000000000275d800 Exception <a 'java/lang/NullPointerException'> (0x00000000d700e580) thrown at [C:\re\workspace\8-2-build-windows-amd64-cygwin\jdk8u91\7017\hotspot\src\share\vm\interpreter\linkResolver.cpp, line 1178]
Event: 2.489 Thread 0x000000000275d800 Implicit null exception at 0x00000000033946d8 to 0x0000000003395965
Event: 2.510 Thread 0x000000000275d800 Implicit null exception at 0x00000000030d151b to 0x00000000030d198d
Event: 2.510 Thread 0x000000000275d800 Implicit null exception at 0x000000000310a595 to 0x000000000310a76d

Events (10 events):
Event: 3.688 loading class org/codehaus/plexus/util/io/InputStreamFacade
Event: 3.688 loading class org/codehaus/plexus/util/io/InputStreamFacade done
Event: 3.689 loading class org/codehaus/plexus/util/io/FileInputStreamFacade
Event: 3.689 loading class org/codehaus/plexus/util/io/FileInputStreamFacade done
Event: 3.689 loading class org/codehaus/plexus/util/io/FileInputStreamFacade
Event: 3.689 loading class org/codehaus/plexus/util/io/FileInputStreamFacade done
Event: 3.690 loading class org/codehaus/plexus/util/IOUtil
Event: 3.690 loading class org/codehaus/plexus/util/IOUtil done
Event: 3.690 loading class org/codehaus/plexus/util/IOUtil
Event: 3.690 loading class org/codehaus/plexus/util/IOUtil done


Dynamic libraries:
0x00007ff6e05c0000 - 0x00007ff6e05f7000 	E:\xuexi\java\java\jdk1.8.0_91\bin\java.exe
0x00007ff976460000 - 0x00007ff97664d000 	C:\Windows\SYSTEM32\ntdll.dll
0x00007ff973680000 - 0x00007ff973733000 	C:\Windows\System32\KERNEL32.DLL
0x00007ff972820000 - 0x00007ff972ab3000 	C:\Windows\System32\KERNELBASE.dll
0x00007ff976380000 - 0x00007ff976423000 	C:\Windows\System32\ADVAPI32.dll
0x00007ff976090000 - 0x00007ff97612e000 	C:\Windows\System32\msvcrt.dll
0x00007ff975c00000 - 0x00007ff975c9e000 	C:\Windows\System32\sechost.dll
0x00007ff973740000 - 0x00007ff973862000 	C:\Windows\System32\RPCRT4.dll
0x00007ff9739a0000 - 0x00007ff973b37000 	C:\Windows\System32\USER32.dll
0x00007ff972e10000 - 0x00007ff972e30000 	C:\Windows\System32\win32u.dll
0x00007ff975f50000 - 0x00007ff975f79000 	C:\Windows\System32\GDI32.dll
0x00007ff972ac0000 - 0x00007ff972c59000 	C:\Windows\System32\gdi32full.dll
0x00007ff972780000 - 0x00007ff972820000 	C:\Windows\System32\msvcp_win.dll
0x00007ff972c60000 - 0x00007ff972d5a000 	C:\Windows\System32\ucrtbase.dll
0x00007ff962d00000 - 0x00007ff962f79000 	C:\Windows\WinSxS\amd64_microsoft.windows.common-controls_6595b64144ccf1df_6.0.17763.973_none_05b245900721eb81\COMCTL32.dll
0x00007ff974020000 - 0x00007ff97434c000 	C:\Windows\System32\combase.dll
0x00007ff9735d0000 - 0x00007ff97364e000 	C:\Windows\System32\bcryptPrimitives.dll
0x00007ff975e70000 - 0x00007ff975e9e000 	C:\Windows\System32\IMM32.DLL
0x0000000054d00000 - 0x0000000054dd2000 	E:\xuexi\java\java\jdk1.8.0_91\jre\bin\msvcr100.dll
0x00000000531e0000 - 0x0000000053a73000 	E:\xuexi\java\java\jdk1.8.0_91\jre\bin\server\jvm.dll
0x00007ff9743d0000 - 0x00007ff9743d8000 	C:\Windows\System32\PSAPI.DLL
0x00007ff96ecf0000 - 0x00007ff96ed14000 	C:\Windows\SYSTEM32\WINMM.dll
0x00007ff96f280000 - 0x00007ff96f289000 	C:\Windows\SYSTEM32\WSOCK32.dll
0x00007ff96a980000 - 0x00007ff96a98a000 	C:\Windows\SYSTEM32\VERSION.dll
0x00007ff976130000 - 0x00007ff97619d000 	C:\Windows\System32\WS2_32.dll
0x00007ff96ecc0000 - 0x00007ff96eced000 	C:\Windows\SYSTEM32\winmmbase.dll
0x00007ff972e30000 - 0x00007ff972e7a000 	C:\Windows\System32\cfgmgr32.dll
0x0000000054cf0000 - 0x0000000054cff000 	E:\xuexi\java\java\jdk1.8.0_91\jre\bin\verify.dll
0x0000000054cc0000 - 0x0000000054ce9000 	E:\xuexi\java\java\jdk1.8.0_91\jre\bin\java.dll
0x0000000054ca0000 - 0x0000000054cb6000 	E:\xuexi\java\java\jdk1.8.0_91\jre\bin\zip.dll
0x00007ff9746f0000 - 0x00007ff975be4000 	C:\Windows\System32\SHELL32.dll
0x00007ff975fe0000 - 0x00007ff976088000 	C:\Windows\System32\shcore.dll
0x00007ff972e80000 - 0x00007ff9735cd000 	C:\Windows\System32\windows.storage.dll
0x00007ff972470000 - 0x00007ff972494000 	C:\Windows\System32\profapi.dll
0x00007ff9724a0000 - 0x00007ff9724fd000 	C:\Windows\System32\powrprof.dll
0x00007ff975ca0000 - 0x00007ff975cf2000 	C:\Windows\System32\shlwapi.dll
0x00007ff972500000 - 0x00007ff972511000 	C:\Windows\System32\kernel.appcore.dll
0x00007ff972520000 - 0x00007ff972537000 	C:\Windows\System32\cryptsp.dll
0x00007ff9717e0000 - 0x00007ff971813000 	C:\Windows\system32\rsaenh.dll
0x00007ff973650000 - 0x00007ff973676000 	C:\Windows\System32\bcrypt.dll
0x00007ff972380000 - 0x00007ff9723a8000 	C:\Windows\SYSTEM32\USERENV.dll
0x00007ff971e30000 - 0x00007ff971e3c000 	C:\Windows\SYSTEM32\CRYPTBASE.dll
0x0000000054c80000 - 0x0000000054c9a000 	E:\xuexi\java\java\jdk1.8.0_91\jre\bin\net.dll
0x00007ff971c60000 - 0x00007ff971cc7000 	C:\Windows\system32\mswsock.dll
0x00007ff971980000 - 0x00007ff9719bd000 	C:\Windows\SYSTEM32\IPHLPAPI.DLL
0x00007ff9761c0000 - 0x00007ff9761c8000 	C:\Windows\System32\NSI.dll
0x00007ff96c840000 - 0x00007ff96c856000 	C:\Windows\SYSTEM32\dhcpcsvc6.DLL
0x00007ff96bf70000 - 0x00007ff96bf8c000 	C:\Windows\SYSTEM32\dhcpcsvc.DLL
0x00007ff9719c0000 - 0x00007ff971a86000 	C:\Windows\SYSTEM32\DNSAPI.dll
0x0000000054c60000 - 0x0000000054c71000 	E:\xuexi\java\java\jdk1.8.0_91\jre\bin\nio.dll
0x00007ff96eda0000 - 0x00007ff96edaa000 	C:\Users\Hasee\AppData\Local\Temp\jansi-1.17.1-81555805909989556.dll
0x00007ff96d6d0000 - 0x00007ff96d6da000 	C:\Users\Hasee\AppData\Local\Temp\jansi-1.17.1-5787567272890613256.dll

VM Arguments:
jvm_args: -Dmaven.multiModuleProjectDirectory=E:\ideawork\imcp2 -Dmaven.home=E:\maven\apache-maven-3.6.3 -Dclassworlds.conf=E:\maven\apache-maven-3.6.3\bin\m2.conf -Dmaven.ext.class.path=F:\Program Files\JetBrains\IntelliJ IDEA 2020.1\plugins\maven\lib\maven-event-listener.jar -Dfile.encoding=UTF-8 
java_command: org.codehaus.classworlds.Launcher -Didea.version2020.1 -s E:\maven\apache-maven-3.6.3\conf\settings.xml compile war:exploded
java_class_path (initial): E:\maven\apache-maven-3.6.3\boot\plexus-classworlds-2.6.0.jar;E:\maven\apache-maven-3.6.3\boot\plexus-classworlds.license
Launcher Type: SUN_STANDARD

Environment Variables:
JAVA_HOME=E:\xuexi\java\java\jdk1.8.0_91
PATH=F:\VMware\VMware Workstation\bin\;E:\xuexi\anaconda;E:\xuexi\anaconda\Library\mingw-w64\bin;E:\xuexi\anaconda\Library\usr\bin;E:\xuexi\anaconda\Library\bin;E:\xuexi\anaconda\Scripts;C:\Windows\system32;C:\Windows;C:\Windows\System32\Wbem;C:\Windows\System32\WindowsPowerShell\v1.0\;E:\xuexi\nodejs\;D:\°²×°\Git\Git\cmd;C:\Program Files\NVIDIA Corporation\NVIDIA NvDLISR;E:\Program Files (x86)\Microsoft SQL Server\100\Tools\Binn\;E:\Program Files\Microsoft SQL Server\100\Tools\Binn\;E:\Program Files\Microsoft SQL Server\100\DTS\Binn\;E:\Program Files (x86)\Microsoft SQL Server\100\Tools\Binn\VSShell\Common7\IDE\;C:\Program Files (x86)\Microsoft Visual Studio 9.0\Common7\IDE\PrivateAssemblies\;E:\Program Files (x86)\Microsoft SQL Server\100\DTS\Binn\;"E:\xuexi\java\java\jdk1.8.0_91\bin;E:\xuexi\java\java\jdk1.8.0_91\jre\bin;";E:\xuexi\MySQL\MySQL Server 5.5\bin;E:\maven\apache-maven-3.6.3\bin;E:\xuexi\py\Scripts\;E:\xuexi\py\;C:\Users\Hasee\AppData\Local\Programs\Python\Launcher\;C:\Users\Hasee\AppData\Local\Microsoft\WindowsApps;C:\Users\Hasee\AppData\Roaming\npm;F:\anzhuang\pycharm\PyCharm 2020.1\bin;;F:\anzhuang\Android\Sdk\platform-tools;;f:\Program Files\JetBrains\IntelliJ IDEA 2020.1\bin;
USERNAME=Hasee
OS=Windows_NT
PROCESSOR_IDENTIFIER=Intel64 Family 6 Model 158 Stepping 9, GenuineIntel



---------------  S Y S T E M  ---------------

OS: Windows 10.0 , 64 bit Build 17763 (10.0.17763.475)

CPU:total 4 (4 cores per cpu, 1 threads per core) family 6 model 158 stepping 9, cmov, cx8, fxsr, mmx, sse, sse2, sse3, ssse3, sse4.1, sse4.2, popcnt, avx, avx2, aes, clmul, erms, 3dnowpref, lzcnt, tsc, tscinvbit, bmi1, bmi2, adx

Memory: 4k page, physical 8239884k(1190132k free), swap 33405708k(13100k free)

vm_info: Java HotSpot(TM) 64-Bit Server VM (25.91-b15) for windows-amd64 JRE (1.8.0_91-b15), built on May 20 2016 17:43:15 by "java_re" with MS VC++ 10.0 (VS2010)

time: Wed Dec 16 16:53:03 2020
elapsed time: 4 seconds (0d 0h 0m 4s)

